app/build/outputs/logs/manifest-merger-debug-report.txt
-- Merging decision tree log ---
manifest
ADDED from src/main/AndroidManifest.xml:2:1-44:12
INJECTED from src/main/AndroidManifest.xml:2:1-44:12
INJECTED from src/main/AndroidManifest.xml:2:1-44:12
INJECTED from src/main/AndroidManifest.xml:2:1-44:12
MERGED from src/main/AndroidManifest.xml:2:1-44:12
MERGED from [com.byoutline.secretsauce:secretsaucekt:0.8.0] AndroidManifest.xml:2:1-11:12
MERGED from [me.tatarka.bindingcollectionadapter2:bindingcollectionadapter-recyclerview:2.2.0] AndroidManifest.xml:2:1-10:12
MERGED from [me.tatarka.bindingcollectionadapter2:bindingcollectionadapter:2.2.0] AndroidManifest.xml:2:1-10:12
MERGED from [com.android.databinding:adapters:3.2.1] AndroidManifest.xml:17:1-24:12
MERGED from [com.android.databinding:library:3.2.1] AndroidManifest.xml:17:1-24:12
MERGED from [com.metova:cappuccino:0.9.1] AndroidManifest.xml:2:1-17:12
MERGED from [com.android.support:design:27.1.1] AndroidManifest.xml:17:1-22:12
MERGED from [com.google.dagger:dagger-android-support:2.18] AndroidManifest.xml:17:1-22:12
MERGED from [com.android.support:appcompat-v7:27.1.1] AndroidManifest.xml:17:1-22:12
MERGED from [com.android.support:cardview-v7:27.1.1] AndroidManifest.xml:17:1-22:12
MERGED from [com.android.support:recyclerview-v7:27.1.1] AndroidManifest.xml:17:1-22:12
MERGED from [com.android.support:palette-v7:27.1.1] AndroidManifest.xml:17:1-22:12
MERGED from [nz.bradcampbell:paperparcel:2.0.1] AndroidManifest.xml:2:1-8:12
MERGED from [nz.bradcampbell:paperparcel-kotlin:2.0.1] AndroidManifest.xml:2:1-8:12
MERGED from [io.reactivex.rxjava2:rxandroid:2.1.0] AndroidManifest.xml:15:1-20:12
MERGED from [android.arch.lifecycle:extensions:1.1.1] AndroidManifest.xml:17:1-30:12
MERGED from [com.google.dagger:dagger-android:2.18] AndroidManifest.xml:17:1-22:12
MERGED from [com.jakewharton.timber:timber:4.7.0] AndroidManifest.xml:2:1-9:12
MERGED from [com.android.support:support-v4:27.1.1] AndroidManifest.xml:17:1-22:12
MERGED from [com.android.support:support-fragment:27.1.1] AndroidManifest.xml:17:1-22:12
MERGED from [com.android.support:animated-vector-drawable:27.1.1] AndroidManifest.xml:17:1-22:12
MERGED from [com.android.support:support-core-ui:27.1.1] AndroidManifest.xml:17:1-22:12
MERGED from [com.android.support:support-core-utils:27.1.1] AndroidManifest.xml:17:1-22:12
MERGED from [com.android.support:support-vector-drawable:27.1.1] AndroidManifest.xml:17:1-22:12
MERGED from [com.android.support:transition:27.1.1] AndroidManifest.xml:17:1-22:12
MERGED from [com.android.support:support-media-compat:27.1.1] AndroidManifest.xml:17:1-22:12
MERGED from [com.android.support:support-compat:27.1.1] AndroidManifest.xml:17:1-22:12
MERGED from [android.arch.lifecycle:runtime:1.1.1] AndroidManifest.xml:17:1-22:12
MERGED from [android.arch.lifecycle:livedata:1.1.1] AndroidManifest.xml:17:1-22:12
MERGED from [android.arch.lifecycle:livedata-core:1.1.1] AndroidManifest.xml:17:1-22:12
MERGED from [android.arch.core:runtime:1.1.1] AndroidManifest.xml:17:1-22:12
MERGED from [android.arch.lifecycle:viewmodel:1.1.1] AndroidManifest.xml:17:1-22:12
INJECTED from src/debug/AndroidManifest.xml:2:1-12:12
INJECTED from src/debug/AndroidManifest.xml:2:1-12:12
INJECTED from src/debug/AndroidManifest.xml:2:1-12:12
	package
		ADDED from src/main/AndroidManifest.xml:3:5-41
		INJECTED from src/main/AndroidManifest.xml
		INJECTED from src/debug/AndroidManifest.xml
	android:versionName
		INJECTED from src/main/AndroidManifest.xml
		ADDED from src/main/AndroidManifest.xml:2:1-44:12
		INJECTED from src/debug/AndroidManifest.xml
	xmlns:tools
		ADDED from src/debug/AndroidManifest.xml:3:5-51
	android:versionCode
		INJECTED from src/main/AndroidManifest.xml
		ADDED from src/main/AndroidManifest.xml:2:1-44:12
		INJECTED from src/debug/AndroidManifest.xml
	xmlns:android
		ADDED from src/main/AndroidManifest.xml:2:11-69
uses-permission#android.permission.INTERNET
ADDED from src/main/AndroidManifest.xml:6:5-67
	android:name
		ADDED from src/main/AndroidManifest.xml:6:22-64
application
ADDED from src/main/AndroidManifest.xml:8:5-43:19
MERGED from [me.tatarka.bindingcollectionadapter2:bindingcollectionadapter-recyclerview:2.2.0] AndroidManifest.xml:8:5-20
MERGED from [me.tatarka.bindingcollectionadapter2:bindingcollectionadapter-recyclerview:2.2.0] AndroidManifest.xml:8:5-20
MERGED from [me.tatarka.bindingcollectionadapter2:bindingcollectionadapter:2.2.0] AndroidManifest.xml:8:5-20
MERGED from [me.tatarka.bindingcollectionadapter2:bindingcollectionadapter:2.2.0] AndroidManifest.xml:8:5-20
MERGED from [com.metova:cappuccino:0.9.1] AndroidManifest.xml:11:5-15:41
MERGED from [com.metova:cappuccino:0.9.1] AndroidManifest.xml:11:5-15:41
MERGED from [android.arch.lifecycle:extensions:1.1.1] AndroidManifest.xml:22:5-28:19
MERGED from [android.arch.lifecycle:extensions:1.1.1] AndroidManifest.xml:22:5-28:19
MERGED from [com.jakewharton.timber:timber:4.7.0] AndroidManifest.xml:7:5-20
MERGED from [com.jakewharton.timber:timber:4.7.0] AndroidManifest.xml:7:5-20
	android:supportsRtl
		ADDED from [com.metova:cappuccino:0.9.1] AndroidManifest.xml:14:9-35
	android:label
		ADDED from src/main/AndroidManifest.xml:12:9-41
	android:icon
		ADDED from src/main/AndroidManifest.xml:11:9-50
	android:allowBackup
		ADDED from src/main/AndroidManifest.xml:10:9-35
	android:theme
		ADDED from src/main/AndroidManifest.xml:13:9-40
	tools:replace
		ADDED from [com.metova:cappuccino:0.9.1] AndroidManifest.xml:15:9-38
	android:usesCleartextTraffic
		ADDED from src/main/AndroidManifest.xml:14:9-44
	android:name
		ADDED from src/main/AndroidManifest.xml:9:9-40
activity#com.byoutline.kickmaterial.features.projectlist.MainActivity
ADDED from src/main/AndroidManifest.xml:17:9-24:20
	android:label
		ADDED from src/main/AndroidManifest.xml:19:13-45
	android:name
		ADDED from src/main/AndroidManifest.xml:18:13-88
intent-filter#action:name:android.intent.action.MAIN+category:name:android.intent.category.LAUNCHER
ADDED from src/main/AndroidManifest.xml:20:13-23:29
action#android.intent.action.MAIN
ADDED from src/main/AndroidManifest.xml:21:17-69
	android:name
		ADDED from src/main/AndroidManifest.xml:21:25-66
category#android.intent.category.LAUNCHER
ADDED from src/main/AndroidManifest.xml:22:17-77
	android:name
		ADDED from src/main/AndroidManifest.xml:22:27-74
activity#com.byoutline.kickmaterial.features.projectdetails.ProjectDetailsActivity
ADDED from src/main/AndroidManifest.xml:26:9-28:105
	android:parentActivityName
		ADDED from src/main/AndroidManifest.xml:28:13-102
	android:name
		ADDED from src/main/AndroidManifest.xml:27:13-101
activity#com.byoutline.kickmaterial.features.rewardlist.RewardsListActivity
ADDED from src/main/AndroidManifest.xml:29:9-103
	android:name
		ADDED from src/main/AndroidManifest.xml:29:19-100
activity#com.byoutline.kickmaterial.features.selectcategory.CategoriesListActivity
ADDED from src/main/AndroidManifest.xml:30:9-110
	android:name
		ADDED from src/main/AndroidManifest.xml:30:19-107
activity#com.byoutline.kickmaterial.features.projectdetails.VideoActivity
ADDED from src/main/AndroidManifest.xml:31:9-33:53
	android:screenOrientation
		ADDED from src/main/AndroidManifest.xml:33:13-50
	android:name
		ADDED from src/main/AndroidManifest.xml:32:13-92
activity#com.byoutline.secretsauce.activities.WebViewActivityV7
ADDED from src/main/AndroidManifest.xml:34:9-37:52
	android:configChanges
		ADDED from src/main/AndroidManifest.xml:36:13-59
	android:theme
		ADDED from src/main/AndroidManifest.xml:37:13-49
	android:name
		ADDED from src/main/AndroidManifest.xml:35:13-82
activity#com.byoutline.secretsauce.activities.WebViewFlickrActivity
ADDED from src/main/AndroidManifest.xml:38:9-41:52
	android:configChanges
		ADDED from src/main/AndroidManifest.xml:40:13-59
	android:theme
		ADDED from src/main/AndroidManifest.xml:41:13-49
	android:name
		ADDED from src/main/AndroidManifest.xml:39:13-86
uses-sdk
INJECTED from src/main/AndroidManifest.xml reason: use-sdk injection requested
INJECTED from src/main/AndroidManifest.xml
INJECTED from src/main/AndroidManifest.xml
MERGED from [com.byoutline.secretsauce:secretsaucekt:0.8.0] AndroidManifest.xml:7:5-9:41
MERGED from [com.byoutline.secretsauce:secretsaucekt:0.8.0] AndroidManifest.xml:7:5-9:41
MERGED from [me.tatarka.bindingcollectionadapter2:bindingcollectionadapter-recyclerview:2.2.0] AndroidManifest.xml:6:5-44
MERGED from [me.tatarka.bindingcollectionadapter2:bindingcollectionadapter-recyclerview:2.2.0] AndroidManifest.xml:6:5-44
MERGED from [me.tatarka.bindingcollectionadapter2:bindingcollectionadapter:2.2.0] AndroidManifest.xml:6:5-44
MERGED from [me.tatarka.bindingcollectionadapter2:bindingcollectionadapter:2.2.0] AndroidManifest.xml:6:5-44
MERGED from [com.android.databinding:adapters:3.2.1] AndroidManifest.xml:22:5-44
MERGED from [com.android.databinding:adapters:3.2.1] AndroidManifest.xml:22:5-44
MERGED from [com.android.databinding:library:3.2.1] AndroidManifest.xml:22:5-44
MERGED from [com.android.databinding:library:3.2.1] AndroidManifest.xml:22:5-44
MERGED from [com.metova:cappuccino:0.9.1] AndroidManifest.xml:7:5-9:41
MERGED from [com.metova:cappuccino:0.9.1] AndroidManifest.xml:7:5-9:41
MERGED from [com.android.support:design:27.1.1] AndroidManifest.xml:20:5-44
MERGED from [com.android.support:design:27.1.1] AndroidManifest.xml:20:5-44
MERGED from [com.google.dagger:dagger-android-support:2.18] AndroidManifest.xml:20:5-44
MERGED from [com.google.dagger:dagger-android-support:2.18] AndroidManifest.xml:20:5-44
MERGED from [com.android.support:appcompat-v7:27.1.1] AndroidManifest.xml:20:5-44
MERGED from [com.android.support:appcompat-v7:27.1.1] AndroidManifest.xml:20:5-44
MERGED from [com.android.support:cardview-v7:27.1.1] AndroidManifest.xml:20:5-44
MERGED from [com.android.support:cardview-v7:27.1.1] AndroidManifest.xml:20:5-44
MERGED from [com.android.support:recyclerview-v7:27.1.1] AndroidManifest.xml:20:5-44
MERGED from [com.android.support:recyclerview-v7:27.1.1] AndroidManifest.xml:20:5-44
MERGED from [com.android.support:palette-v7:27.1.1] AndroidManifest.xml:20:5-44
MERGED from [com.android.support:palette-v7:27.1.1] AndroidManifest.xml:20:5-44
MERGED from [nz.bradcampbell:paperparcel:2.0.1] AndroidManifest.xml:6:5-43
MERGED from [nz.bradcampbell:paperparcel:2.0.1] AndroidManifest.xml:6:5-43
MERGED from [nz.bradcampbell:paperparcel-kotlin:2.0.1] AndroidManifest.xml:6:5-43
MERGED from [nz.bradcampbell:paperparcel-kotlin:2.0.1] AndroidManifest.xml:6:5-43
MERGED from [io.reactivex.rxjava2:rxandroid:2.1.0] AndroidManifest.xml:18:5-43
MERGED from [io.reactivex.rxjava2:rxandroid:2.1.0] AndroidManifest.xml:18:5-43
MERGED from [android.arch.lifecycle:extensions:1.1.1] AndroidManifest.xml:20:5-44
MERGED from [android.arch.lifecycle:extensions:1.1.1] AndroidManifest.xml:20:5-44
MERGED from [com.google.dagger:dagger-android:2.18] AndroidManifest.xml:20:5-44
MERGED from [com.google.dagger:dagger-android:2.18] AndroidManifest.xml:20:5-44
MERGED from [com.jakewharton.timber:timber:4.7.0] AndroidManifest.xml:5:5-43
MERGED from [com.jakewharton.timber:timber:4.7.0] AndroidManifest.xml:5:5-43
MERGED from [com.android.support:support-v4:27.1.1] AndroidManifest.xml:20:5-44
MERGED from [com.android.support:support-v4:27.1.1] AndroidManifest.xml:20:5-44
MERGED from [com.android.support:support-fragment:27.1.1] AndroidManifest.xml:20:5-44
MERGED from [com.android.support:support-fragment:27.1.1] AndroidManifest.xml:20:5-44
MERGED from [com.android.support:animated-vector-drawable:27.1.1] AndroidManifest.xml:20:5-44
MERGED from [com.android.support:animated-vector-drawable:27.1.1] AndroidManifest.xml:20:5-44
MERGED from [com.android.support:support-core-ui:27.1.1] AndroidManifest.xml:20:5-44
MERGED from [com.android.support:support-core-ui:27.1.1] AndroidManifest.xml:20:5-44
MERGED from [com.android.support:support-core-utils:27.1.1] AndroidManifest.xml:20:5-44
MERGED from [com.android.support:support-core-utils:27.1.1] AndroidManifest.xml:20:5-44
MERGED from [com.android.support:support-vector-drawable:27.1.1] AndroidManifest.xml:20:5-44
MERGED from [com.android.support:support-vector-drawable:27.1.1] AndroidManifest.xml:20:5-44
MERGED from [com.android.support:transition:27.1.1] AndroidManifest.xml:20:5-44
MERGED from [com.android.support:transition:27.1.1] AndroidManifest.xml:20:5-44
MERGED from [com.android.support:support-media-compat:27.1.1] AndroidManifest.xml:20:5-44
MERGED from [com.android.support:support-media-compat:27.1.1] AndroidManifest.xml:20:5-44
MERGED from [com.android.support:support-compat:27.1.1] AndroidManifest.xml:20:5-44
MERGED from [com.android.support:support-compat:27.1.1] AndroidManifest.xml:20:5-44
MERGED from [android.arch.lifecycle:runtime:1.1.1] AndroidManifest.xml:20:5-44
MERGED from [android.arch.lifecycle:runtime:1.1.1] AndroidManifest.xml:20:5-44
MERGED from [android.arch.lifecycle:livedata:1.1.1] AndroidManifest.xml:20:5-44
MERGED from [android.arch.lifecycle:livedata:1.1.1] AndroidManifest.xml:20:5-44
MERGED from [android.arch.lifecycle:livedata-core:1.1.1] AndroidManifest.xml:20:5-44
MERGED from [android.arch.lifecycle:livedata-core:1.1.1] AndroidManifest.xml:20:5-44
MERGED from [android.arch.core:runtime:1.1.1] AndroidManifest.xml:20:5-44
MERGED from [android.arch.core:runtime:1.1.1] AndroidManifest.xml:20:5-44
MERGED from [android.arch.lifecycle:viewmodel:1.1.1] AndroidManifest.xml:20:5-44
MERGED from [android.arch.lifecycle:viewmodel:1.1.1] AndroidManifest.xml:20:5-44
INJECTED from src/debug/AndroidManifest.xml
INJECTED from src/debug/AndroidManifest.xml
	android:targetSdkVersion
		INJECTED from src/main/AndroidManifest.xml
		INJECTED from src/debug/AndroidManifest.xml
	android:minSdkVersion
		INJECTED from src/main/AndroidManifest.xml
		INJECTED from src/debug/AndroidManifest.xml
uses-permission#android.permission.DISABLE_KEYGUARD
ADDED from src/debug/AndroidManifest.xml:6:5-75
	android:name
		ADDED from src/debug/AndroidManifest.xml:6:22-72
uses-permission#android.permission.WRITE_EXTERNAL_STORAGE
ADDED from src/debug/AndroidManifest.xml:7:5-81
	android:name
		ADDED from src/debug/AndroidManifest.xml:7:22-78
uses-permission#android.permission.WAKE_LOCK
ADDED from src/debug/AndroidManifest.xml:8:5-68
	android:name
		ADDED from src/debug/AndroidManifest.xml:8:22-65
uses-permission#android.permission.SET_ANIMATION_SCALE
ADDED from src/debug/AndroidManifest.xml:9:5-10:47
	tools:ignore
		ADDED from src/debug/AndroidManifest.xml:10:9-44
	android:name
		ADDED from src/debug/AndroidManifest.xml:9:22-75
provider#android.arch.lifecycle.ProcessLifecycleOwnerInitializer
ADDED from [android.arch.lifecycle:extensions:1.1.1] AndroidManifest.xml:23:9-27:43
	android:authorities
		ADDED from [android.arch.lifecycle:extensions:1.1.1] AndroidManifest.xml:25:13-68
	android:multiprocess
		ADDED from [android.arch.lifecycle:extensions:1.1.1] AndroidManifest.xml:27:13-40
	android:exported
		ADDED from [android.arch.lifecycle:extensions:1.1.1] AndroidManifest.xml:26:13-37
	android:name
		ADDED from [android.arch.lifecycle:extensions:1.1.1] AndroidManifest.xml:24:13-83